<?xml version="1.0" encoding="UTF-8"?>
<!-- Generated by org.testng.reporters.JUnitReportReporter -->
<testsuite skipped="0" hostname="DESKTOP-5P74EC3" name="testCases.TestHome" tests="6" failures="0" timestamp="2020-10-28T16:39:17 IST" time="333.883" errors="0">
  <testcase name="testOne" time="59.604" classname="testCases.TestHome"/>
  <system-out/>
  <testcase name="testOne" time="61.975" classname="testCases.TestHome"/>
  <system-out/>
  <testcase name="testOne" time="58.990" classname="testCases.TestHome"/>
  <system-out/>
  <testcase name="testTwo" time="47.273" classname="testCases.TestHome"/>
  <system-out/>
  <testcase name="testTwo" time="52.078" classname="testCases.TestHome"/>
  <system-out/>
  <testcase name="testTwo" time="53.963" classname="testCases.TestHome"/>
  <system-out/>
</testsuite> <!-- testCases.TestHome -->
