<?xml version="1.0" encoding="UTF-8"?>
<!-- Generated by org.testng.reporters.JUnitReportReporter -->
<testsuite skipped="0" hostname="DESKTOP-5P74EC3" name="testCases.TestCar" tests="6" failures="0" timestamp="2020-10-28T16:39:17 IST" time="345.657" errors="0">
  <testcase name="TestOne" time="62.273" classname="testCases.TestCar"/>
  <system-out/>
  <testcase name="TestOne" time="88.301" classname="testCases.TestCar"/>
  <system-out/>
  <testcase name="TestOne" time="57.941" classname="testCases.TestCar"/>
  <system-out/>
  <testcase name="TestTwo" time="45.148" classname="testCases.TestCar"/>
  <system-out/>
  <testcase name="TestTwo" time="48.774" classname="testCases.TestCar"/>
  <system-out/>
  <testcase name="TestTwo" time="43.220" classname="testCases.TestCar"/>
  <system-out/>
</testsuite> <!-- testCases.TestCar -->
