<?xml version="1.0" encoding="UTF-8"?>
<!-- Generated by org.testng.reporters.JUnitReportReporter -->
<testsuite skipped="0" hostname="DESKTOP-5P74EC3" name="testCases.TestCar" tests="6" failures="0" timestamp="2020-10-30T12:56:28 IST" time="375.881" errors="0">
  <testcase name="TestOne" time="61.275" classname="testCases.TestCar"/>
  <system-out/>
  <testcase name="TestOne" time="58.986" classname="testCases.TestCar"/>
  <system-out/>
  <testcase name="TestOne" time="61.943" classname="testCases.TestCar"/>
  <system-out/>
  <testcase name="TestTwo" time="61.022" classname="testCases.TestCar"/>
  <system-out/>
  <testcase name="TestTwo" time="65.346" classname="testCases.TestCar"/>
  <system-out/>
  <testcase name="TestTwo" time="67.309" classname="testCases.TestCar"/>
  <system-out/>
</testsuite> <!-- testCases.TestCar -->
