<?xml version="1.0" encoding="UTF-8"?>
<!-- Generated by org.testng.reporters.JUnitReportReporter -->
<testsuite skipped="0" hostname="DESKTOP-5P74EC3" name="testCases.TestHome" tests="6" failures="0" timestamp="2020-10-30T12:56:28 IST" time="386.759" errors="0">
  <testcase name="testOne" time="60.007" classname="testCases.TestHome"/>
  <system-out/>
  <testcase name="testOne" time="66.911" classname="testCases.TestHome"/>
  <system-out/>
  <testcase name="testOne" time="59.644" classname="testCases.TestHome"/>
  <system-out/>
  <testcase name="testTwo" time="65.375" classname="testCases.TestHome"/>
  <system-out/>
  <testcase name="testTwo" time="67.190" classname="testCases.TestHome"/>
  <system-out/>
  <testcase name="testTwo" time="67.632" classname="testCases.TestHome"/>
  <system-out/>
</testsuite> <!-- testCases.TestHome -->
