<?xml version="1.0" encoding="UTF-8"?>
<testsuite xmlns:xsi="http://www.w3.org/2001/XMLSchema-instance" xsi:noNamespaceSchemaLocation="https://maven.apache.org/surefire/maven-surefire-plugin/xsd/surefire-test-report-3.0.xsd" version="3.0" name="TestSuite" time="391.288" tests="12" errors="0" skipped="0" failures="0">
  <properties>
    <property name="sun.desktop" value="windows"/>
    <property name="awt.toolkit" value="sun.awt.windows.WToolkit"/>
    <property name="file.encoding.pkg" value="sun.io"/>
    <property name="java.specification.version" value="1.8"/>
    <property name="sun.cpu.isalist" value="amd64"/>
    <property name="sun.jnu.encoding" value="Cp1252"/>
    <property name="java.class.path" value="C:\Eclips\emiCalculator123\target\test-classes;C:\Eclips\emiCalculator123\target\classes;C:\Users\AYAN RAY\.m2\repository\org\seleniumhq\selenium\selenium-java\3.141.59\selenium-java-3.141.59.jar;C:\Users\AYAN RAY\.m2\repository\org\seleniumhq\selenium\selenium-api\3.141.59\selenium-api-3.141.59.jar;C:\Users\AYAN RAY\.m2\repository\org\seleniumhq\selenium\selenium-chrome-driver\3.141.59\selenium-chrome-driver-3.141.59.jar;C:\Users\AYAN RAY\.m2\repository\org\seleniumhq\selenium\selenium-edge-driver\3.141.59\selenium-edge-driver-3.141.59.jar;C:\Users\AYAN RAY\.m2\repository\org\seleniumhq\selenium\selenium-firefox-driver\3.141.59\selenium-firefox-driver-3.141.59.jar;C:\Users\AYAN RAY\.m2\repository\org\seleniumhq\selenium\selenium-ie-driver\3.141.59\selenium-ie-driver-3.141.59.jar;C:\Users\AYAN RAY\.m2\repository\org\seleniumhq\selenium\selenium-opera-driver\3.141.59\selenium-opera-driver-3.141.59.jar;C:\Users\AYAN RAY\.m2\repository\org\seleniumhq\selenium\selenium-remote-driver\3.141.59\selenium-remote-driver-3.141.59.jar;C:\Users\AYAN RAY\.m2\repository\org\seleniumhq\selenium\selenium-safari-driver\3.141.59\selenium-safari-driver-3.141.59.jar;C:\Users\AYAN RAY\.m2\repository\org\seleniumhq\selenium\selenium-support\3.141.59\selenium-support-3.141.59.jar;C:\Users\AYAN RAY\.m2\repository\net\bytebuddy\byte-buddy\1.8.15\byte-buddy-1.8.15.jar;C:\Users\AYAN RAY\.m2\repository\org\apache\commons\commons-exec\1.3\commons-exec-1.3.jar;C:\Users\AYAN RAY\.m2\repository\com\squareup\okio\okio\1.14.0\okio-1.14.0.jar;C:\Users\AYAN RAY\.m2\repository\com\google\guava\guava\29.0-jre\guava-29.0-jre.jar;C:\Users\AYAN RAY\.m2\repository\com\google\guava\failureaccess\1.0.1\failureaccess-1.0.1.jar;C:\Users\AYAN RAY\.m2\repository\com\google\guava\listenablefuture\9999.0-empty-to-avoid-conflict-with-guava\listenablefuture-9999.0-empty-to-avoid-conflict-with-guava.jar;C:\Users\AYAN RAY\.m2\repository\com\google\code\findbugs\jsr305\3.0.2\jsr305-3.0.2.jar;C:\Users\AYAN RAY\.m2\repository\org\checkerframework\checker-qual\2.11.1\checker-qual-2.11.1.jar;C:\Users\AYAN RAY\.m2\repository\com\google\errorprone\error_prone_annotations\2.3.4\error_prone_annotations-2.3.4.jar;C:\Users\AYAN RAY\.m2\repository\com\google\j2objc\j2objc-annotations\1.3\j2objc-annotations-1.3.jar;C:\Users\AYAN RAY\.m2\repository\com\squareup\okhttp3\okhttp\3.0.0-RC1\okhttp-3.0.0-RC1.jar;C:\Users\AYAN RAY\.m2\repository\org\testng\testng\7.3.0\testng-7.3.0.jar;C:\Users\AYAN RAY\.m2\repository\com\beust\jcommander\1.78\jcommander-1.78.jar;C:\Users\AYAN RAY\.m2\repository\org\apache\ant\ant\1.10.3\ant-1.10.3.jar;C:\Users\AYAN RAY\.m2\repository\org\apache\ant\ant-launcher\1.10.3\ant-launcher-1.10.3.jar;C:\Users\AYAN RAY\.m2\repository\junit\junit\4.12\junit-4.12.jar;C:\Users\AYAN RAY\.m2\repository\org\hamcrest\hamcrest-core\1.3\hamcrest-core-1.3.jar;C:\Users\AYAN RAY\.m2\repository\com\google\inject\guice\4.2.2\guice-4.2.2-no_aop.jar;C:\Users\AYAN RAY\.m2\repository\javax\inject\javax.inject\1\javax.inject-1.jar;C:\Users\AYAN RAY\.m2\repository\aopalliance\aopalliance\1.0\aopalliance-1.0.jar;C:\Users\AYAN RAY\.m2\repository\org\yaml\snakeyaml\1.21\snakeyaml-1.21.jar;C:\Users\AYAN RAY\.m2\repository\org\apache\poi\poi\4.1.1\poi-4.1.1.jar;C:\Users\AYAN RAY\.m2\repository\commons-codec\commons-codec\1.13\commons-codec-1.13.jar;C:\Users\AYAN RAY\.m2\repository\org\apache\commons\commons-collections4\4.4\commons-collections4-4.4.jar;C:\Users\AYAN RAY\.m2\repository\org\apache\commons\commons-math3\3.6.1\commons-math3-3.6.1.jar;C:\Users\AYAN RAY\.m2\repository\org\apache\poi\poi-ooxml\4.1.1\poi-ooxml-4.1.1.jar;C:\Users\AYAN RAY\.m2\repository\org\apache\poi\poi-ooxml-schemas\4.1.1\poi-ooxml-schemas-4.1.1.jar;C:\Users\AYAN RAY\.m2\repository\org\apache\xmlbeans\xmlbeans\3.1.0\xmlbeans-3.1.0.jar;C:\Users\AYAN RAY\.m2\repository\org\apache\commons\commons-compress\1.19\commons-compress-1.19.jar;C:\Users\AYAN RAY\.m2\repository\com\github\virtuald\curvesapi\1.06\curvesapi-1.06.jar;C:\Users\AYAN RAY\.m2\repository\com\aventstack\extentreports\3.1.5\extentreports-3.1.5.jar;C:\Users\AYAN RAY\.m2\repository\org\freemarker\freemarker\2.3.23\freemarker-2.3.23.jar;C:\Users\AYAN RAY\.m2\repository\org\mongodb\mongodb-driver\3.3.0\mongodb-driver-3.3.0.jar;C:\Users\AYAN RAY\.m2\repository\org\mongodb\bson\3.3.0\bson-3.3.0.jar;C:\Users\AYAN RAY\.m2\repository\org\mongodb\mongodb-driver-core\3.3.0\mongodb-driver-core-3.3.0.jar;C:\Users\AYAN RAY\.m2\repository\org\apache\httpcomponents\httpclient\4.5.2\httpclient-4.5.2.jar;C:\Users\AYAN RAY\.m2\repository\org\apache\httpcomponents\httpcore\4.4.4\httpcore-4.4.4.jar;C:\Users\AYAN RAY\.m2\repository\commons-logging\commons-logging\1.2\commons-logging-1.2.jar;C:\Users\AYAN RAY\.m2\repository\org\apache\httpcomponents\httpmime\4.5.2\httpmime-4.5.2.jar;C:\Users\AYAN RAY\.m2\repository\org\jsoup\jsoup\1.9.2\jsoup-1.9.2.jar;C:\Users\AYAN RAY\.m2\repository\com\google\code\gson\gson\2.8.0\gson-2.8.0.jar;C:\Users\AYAN RAY\.m2\repository\commons-io\commons-io\1.3.2\commons-io-1.3.2.jar;C:\Users\AYAN RAY\.m2\repository\org\seleniumhq\selenium\selenium-server\3.141.59\selenium-server-3.141.59.jar;C:\Users\AYAN RAY\.m2\repository\net\jcip\jcip-annotations\1.0\jcip-annotations-1.0.jar;C:\Users\AYAN RAY\.m2\repository\org\seleniumhq\selenium\jetty-repacked\9.4.12.v20180830\jetty-repacked-9.4.12.v20180830.jar;C:\Users\AYAN RAY\.m2\repository\javax\servlet\javax.servlet-api\3.1.0\javax.servlet-api-3.1.0.jar;"/>
    <property name="java.vm.vendor" value="Oracle Corporation"/>
    <property name="sun.arch.data.model" value="64"/>
    <property name="user.variant" value=""/>
    <property name="java.vendor.url" value="http://java.oracle.com/"/>
    <property name="user.timezone" value="Asia/Calcutta"/>
    <property name="java.vm.specification.version" value="1.8"/>
    <property name="os.name" value="Windows 10"/>
    <property name="user.country" value="US"/>
    <property name="sun.java.launcher" value="SUN_STANDARD"/>
    <property name="sun.boot.library.path" value="C:\Program Files\Java\jdk1.8.0_261\jre\bin"/>
    <property name="sun.java.command" value="C:\Users\AYAN RAY\AppData\Local\Temp\surefire6263546816165698663\surefirebooter6989153414513188022.jar C:\Users\AYAN RAY\AppData\Local\Temp\surefire6263546816165698663 2020-10-30T12-49-52_938-jvmRun1 surefire7056383401672373313tmp surefire_07970674105187934436tmp"/>
    <property name="surefire.test.class.path" value="C:\Eclips\emiCalculator123\target\test-classes;C:\Eclips\emiCalculator123\target\classes;C:\Users\AYAN RAY\.m2\repository\org\seleniumhq\selenium\selenium-java\3.141.59\selenium-java-3.141.59.jar;C:\Users\AYAN RAY\.m2\repository\org\seleniumhq\selenium\selenium-api\3.141.59\selenium-api-3.141.59.jar;C:\Users\AYAN RAY\.m2\repository\org\seleniumhq\selenium\selenium-chrome-driver\3.141.59\selenium-chrome-driver-3.141.59.jar;C:\Users\AYAN RAY\.m2\repository\org\seleniumhq\selenium\selenium-edge-driver\3.141.59\selenium-edge-driver-3.141.59.jar;C:\Users\AYAN RAY\.m2\repository\org\seleniumhq\selenium\selenium-firefox-driver\3.141.59\selenium-firefox-driver-3.141.59.jar;C:\Users\AYAN RAY\.m2\repository\org\seleniumhq\selenium\selenium-ie-driver\3.141.59\selenium-ie-driver-3.141.59.jar;C:\Users\AYAN RAY\.m2\repository\org\seleniumhq\selenium\selenium-opera-driver\3.141.59\selenium-opera-driver-3.141.59.jar;C:\Users\AYAN RAY\.m2\repository\org\seleniumhq\selenium\selenium-remote-driver\3.141.59\selenium-remote-driver-3.141.59.jar;C:\Users\AYAN RAY\.m2\repository\org\seleniumhq\selenium\selenium-safari-driver\3.141.59\selenium-safari-driver-3.141.59.jar;C:\Users\AYAN RAY\.m2\repository\org\seleniumhq\selenium\selenium-support\3.141.59\selenium-support-3.141.59.jar;C:\Users\AYAN RAY\.m2\repository\net\bytebuddy\byte-buddy\1.8.15\byte-buddy-1.8.15.jar;C:\Users\AYAN RAY\.m2\repository\org\apache\commons\commons-exec\1.3\commons-exec-1.3.jar;C:\Users\AYAN RAY\.m2\repository\com\squareup\okio\okio\1.14.0\okio-1.14.0.jar;C:\Users\AYAN RAY\.m2\repository\com\google\guava\guava\29.0-jre\guava-29.0-jre.jar;C:\Users\AYAN RAY\.m2\repository\com\google\guava\failureaccess\1.0.1\failureaccess-1.0.1.jar;C:\Users\AYAN RAY\.m2\repository\com\google\guava\listenablefuture\9999.0-empty-to-avoid-conflict-with-guava\listenablefuture-9999.0-empty-to-avoid-conflict-with-guava.jar;C:\Users\AYAN RAY\.m2\repository\com\google\code\findbugs\jsr305\3.0.2\jsr305-3.0.2.jar;C:\Users\AYAN RAY\.m2\repository\org\checkerframework\checker-qual\2.11.1\checker-qual-2.11.1.jar;C:\Users\AYAN RAY\.m2\repository\com\google\errorprone\error_prone_annotations\2.3.4\error_prone_annotations-2.3.4.jar;C:\Users\AYAN RAY\.m2\repository\com\google\j2objc\j2objc-annotations\1.3\j2objc-annotations-1.3.jar;C:\Users\AYAN RAY\.m2\repository\com\squareup\okhttp3\okhttp\3.0.0-RC1\okhttp-3.0.0-RC1.jar;C:\Users\AYAN RAY\.m2\repository\org\testng\testng\7.3.0\testng-7.3.0.jar;C:\Users\AYAN RAY\.m2\repository\com\beust\jcommander\1.78\jcommander-1.78.jar;C:\Users\AYAN RAY\.m2\repository\org\apache\ant\ant\1.10.3\ant-1.10.3.jar;C:\Users\AYAN RAY\.m2\repository\org\apache\ant\ant-launcher\1.10.3\ant-launcher-1.10.3.jar;C:\Users\AYAN RAY\.m2\repository\junit\junit\4.12\junit-4.12.jar;C:\Users\AYAN RAY\.m2\repository\org\hamcrest\hamcrest-core\1.3\hamcrest-core-1.3.jar;C:\Users\AYAN RAY\.m2\repository\com\google\inject\guice\4.2.2\guice-4.2.2-no_aop.jar;C:\Users\AYAN RAY\.m2\repository\javax\inject\javax.inject\1\javax.inject-1.jar;C:\Users\AYAN RAY\.m2\repository\aopalliance\aopalliance\1.0\aopalliance-1.0.jar;C:\Users\AYAN RAY\.m2\repository\org\yaml\snakeyaml\1.21\snakeyaml-1.21.jar;C:\Users\AYAN RAY\.m2\repository\org\apache\poi\poi\4.1.1\poi-4.1.1.jar;C:\Users\AYAN RAY\.m2\repository\commons-codec\commons-codec\1.13\commons-codec-1.13.jar;C:\Users\AYAN RAY\.m2\repository\org\apache\commons\commons-collections4\4.4\commons-collections4-4.4.jar;C:\Users\AYAN RAY\.m2\repository\org\apache\commons\commons-math3\3.6.1\commons-math3-3.6.1.jar;C:\Users\AYAN RAY\.m2\repository\org\apache\poi\poi-ooxml\4.1.1\poi-ooxml-4.1.1.jar;C:\Users\AYAN RAY\.m2\repository\org\apache\poi\poi-ooxml-schemas\4.1.1\poi-ooxml-schemas-4.1.1.jar;C:\Users\AYAN RAY\.m2\repository\org\apache\xmlbeans\xmlbeans\3.1.0\xmlbeans-3.1.0.jar;C:\Users\AYAN RAY\.m2\repository\org\apache\commons\commons-compress\1.19\commons-compress-1.19.jar;C:\Users\AYAN RAY\.m2\repository\com\github\virtuald\curvesapi\1.06\curvesapi-1.06.jar;C:\Users\AYAN RAY\.m2\repository\com\aventstack\extentreports\3.1.5\extentreports-3.1.5.jar;C:\Users\AYAN RAY\.m2\repository\org\freemarker\freemarker\2.3.23\freemarker-2.3.23.jar;C:\Users\AYAN RAY\.m2\repository\org\mongodb\mongodb-driver\3.3.0\mongodb-driver-3.3.0.jar;C:\Users\AYAN RAY\.m2\repository\org\mongodb\bson\3.3.0\bson-3.3.0.jar;C:\Users\AYAN RAY\.m2\repository\org\mongodb\mongodb-driver-core\3.3.0\mongodb-driver-core-3.3.0.jar;C:\Users\AYAN RAY\.m2\repository\org\apache\httpcomponents\httpclient\4.5.2\httpclient-4.5.2.jar;C:\Users\AYAN RAY\.m2\repository\org\apache\httpcomponents\httpcore\4.4.4\httpcore-4.4.4.jar;C:\Users\AYAN RAY\.m2\repository\commons-logging\commons-logging\1.2\commons-logging-1.2.jar;C:\Users\AYAN RAY\.m2\repository\org\apache\httpcomponents\httpmime\4.5.2\httpmime-4.5.2.jar;C:\Users\AYAN RAY\.m2\repository\org\jsoup\jsoup\1.9.2\jsoup-1.9.2.jar;C:\Users\AYAN RAY\.m2\repository\com\google\code\gson\gson\2.8.0\gson-2.8.0.jar;C:\Users\AYAN RAY\.m2\repository\commons-io\commons-io\1.3.2\commons-io-1.3.2.jar;C:\Users\AYAN RAY\.m2\repository\org\seleniumhq\selenium\selenium-server\3.141.59\selenium-server-3.141.59.jar;C:\Users\AYAN RAY\.m2\repository\net\jcip\jcip-annotations\1.0\jcip-annotations-1.0.jar;C:\Users\AYAN RAY\.m2\repository\org\seleniumhq\selenium\jetty-repacked\9.4.12.v20180830\jetty-repacked-9.4.12.v20180830.jar;C:\Users\AYAN RAY\.m2\repository\javax\servlet\javax.servlet-api\3.1.0\javax.servlet-api-3.1.0.jar;"/>
    <property name="sun.cpu.endian" value="little"/>
    <property name="user.home" value="C:\Users\AYAN RAY"/>
    <property name="user.language" value="en"/>
    <property name="java.specification.vendor" value="Oracle Corporation"/>
    <property name="java.home" value="C:\Program Files\Java\jdk1.8.0_261\jre"/>
    <property name="basedir" value="C:\Eclips\emiCalculator123"/>
    <property name="file.separator" value="\"/>
    <property name="line.separator" value="&#10;"/>
    <property name="java.vm.specification.vendor" value="Oracle Corporation"/>
    <property name="java.specification.name" value="Java Platform API Specification"/>
    <property name="java.awt.graphicsenv" value="sun.awt.Win32GraphicsEnvironment"/>
    <property name="surefire.real.class.path" value="C:\Users\AYAN RAY\AppData\Local\Temp\surefire6263546816165698663\surefirebooter6989153414513188022.jar"/>
    <property name="sun.boot.class.path" value="C:\Program Files\Java\jdk1.8.0_261\jre\lib\resources.jar;C:\Program Files\Java\jdk1.8.0_261\jre\lib\rt.jar;C:\Program Files\Java\jdk1.8.0_261\jre\lib\sunrsasign.jar;C:\Program Files\Java\jdk1.8.0_261\jre\lib\jsse.jar;C:\Program Files\Java\jdk1.8.0_261\jre\lib\jce.jar;C:\Program Files\Java\jdk1.8.0_261\jre\lib\charsets.jar;C:\Program Files\Java\jdk1.8.0_261\jre\lib\jfr.jar;C:\Program Files\Java\jdk1.8.0_261\jre\classes"/>
    <property name="user.script" value=""/>
    <property name="sun.management.compiler" value="HotSpot 64-Bit Tiered Compilers"/>
    <property name="java.runtime.version" value="1.8.0_261-b12"/>
    <property name="user.name" value="AYAN"/>
    <property name="path.separator" value=";"/>
    <property name="os.version" value="10.0"/>
    <property name="java.endorsed.dirs" value="C:\Program Files\Java\jdk1.8.0_261\jre\lib\endorsed"/>
    <property name="java.runtime.name" value="Java(TM) SE Runtime Environment"/>
    <property name="file.encoding" value="Cp1252"/>
    <property name="java.vm.name" value="Java HotSpot(TM) 64-Bit Server VM"/>
    <property name="localRepository" value="C:\Users\AYAN RAY\.m2\repository"/>
    <property name="java.vendor.url.bug" value="http://bugreport.sun.com/bugreport/"/>
    <property name="java.io.tmpdir" value="C:\Users\AYANRA~1\AppData\Local\Temp\"/>
    <property name="java.version" value="1.8.0_261"/>
    <property name="user.dir" value="C:\Eclips\emiCalculator123"/>
    <property name="os.arch" value="amd64"/>
    <property name="java.vm.specification.name" value="Java Virtual Machine Specification"/>
    <property name="java.awt.printerjob" value="sun.awt.windows.WPrinterJob"/>
    <property name="sun.os.patch.level" value=""/>
    <property name="java.library.path" value="C:\Program Files\Java\jdk1.8.0_261\jre\bin;C:\WINDOWS\Sun\Java\bin;C:\WINDOWS\system32;C:\WINDOWS;C:\apache-maven-3.6.3/bin;C:\Program Files\Java\jdk1.8.0_261/bin;C:\Program Files\Java\jdk1.8.0_261/bin;C:\Python38\Scripts\;C:\Python38\;C:\Program Files (x86)\Common Files\Oracle\Java\javapath;C:\Program Files\Java\jdk1.8.0_261\bin;C:\Program Files (x86)\Intel\iCLS Client\;C:\Program Files\Intel\iCLS Client\;C:\Windows\system32;C:\Windows;C:\Windows\System32\Wbem;C:\Windows\System32\WindowsPowerShell\v1.0\;C:\Program Files (x86)\NVIDIA Corporation\PhysX\Common;C:\Program Files (x86)\Intel\Intel(R) Management Engine Components\DAL;C:\Program Files\Intel\Intel(R) Management Engine Components\DAL;C:\Program Files (x86)\Intel\Intel(R) Management Engine Components\IPT;C:\Program Files\Intel\Intel(R) Management Engine Components\IPT;C:\Program Files\Condusiv Technologies\ExpressCache\;C:\WINDOWS\system32;C:\WINDOWS;C:\WINDOWS\System32\Wbem;C:\WINDOWS\System32\WindowsPowerShell\v1.0\;C:\WINDOWS\System32\OpenSSH\;C:\Program Files\NVIDIA Corporation\NVIDIA NvDLISR;C:\Program Files\Crucial\Crucial Storage Executive;C:\apache-maven-3.6.3\bin;C:\ProgramData\chocolatey\bin;C:\Program Files\nodejs\;C:\Program Files\MySQL\MySQL Shell 8.0\bin\;C:\Users\AYAN RAY\AppData\Local\Microsoft\WindowsApps;C:\apache-maven-3.6.3\bin;C:\Program Files\Java\jdk1.8.0_261\bin;C:\Users\AYAN RAY\AppData\Local\Programs\Microsoft VS Code\bin;C:\Users\AYAN RAY\AppData\Local\Microsoft\WindowsApps;C:\Users\AYAN RAY\AppData\Roaming\npm;."/>
    <property name="java.vm.info" value="mixed mode"/>
    <property name="java.vendor" value="Oracle Corporation"/>
    <property name="java.vm.version" value="25.261-b12"/>
    <property name="java.ext.dirs" value="C:\Program Files\Java\jdk1.8.0_261\jre\lib\ext;C:\WINDOWS\Sun\Java\lib\ext"/>
    <property name="sun.io.unicode.encoding" value="UnicodeLittle"/>
    <property name="java.class.version" value="52.0"/>
  </properties>
  <testcase name="TestOne[{Rate=7.0, Tenure=3.0, Principal=100000.0}](1)" classname="testCases.TestCar" time="58.995">
    <system-out><![CDATA[
Home Loan Sheet for new test case is created successfully

First month Principal Amount for Car Loan:  2,504
First month Interest Amount for Car Loan:  583

Car Loan Sheet for new test case is created successfully

]]></system-out>
    <system-err><![CDATA[Oct 30, 2020 12:50:00 PM org.openqa.selenium.remote.DesiredCapabilities firefox
INFO: Using `new FirefoxOptions()` is preferred to `DesiredCapabilities.firefox()`
Oct 30, 2020 12:50:03 PM org.openqa.selenium.remote.DesiredCapabilities chrome
INFO: Using `new ChromeOptions()` is preferred to `DesiredCapabilities.chrome()`
Oct 30, 2020 12:50:08 PM org.openqa.selenium.remote.ProtocolHandshake createSession
INFO: Detected dialect: W3C
Oct 30, 2020 12:50:13 PM org.openqa.selenium.remote.ProtocolHandshake createSession
INFO: Detected dialect: W3C
]]></system-err>
  </testcase>
  <testcase name="TestOne[{Rate=7.5, Tenure=4.0, Principal=700000.0}](2)" classname="testCases.TestCar" time="0.611">
    <system-err><![CDATA[Oct 30, 2020 12:52:00 PM org.openqa.selenium.remote.DesiredCapabilities firefox
INFO: Using `new FirefoxOptions()` is preferred to `DesiredCapabilities.firefox()`
]]></system-err>
  </testcase>
  <testcase name="TestOne[{Rate=8.0, Tenure=5.0, Principal=900000.0}](3)" classname="testCases.TestCar" time="61.947">
    <system-out><![CDATA[First month Principal Amount for Car Loan:  12,249
First month Interest Amount for Car Loan:  6,000

Car Loan Sheet for new test case is created successfully


Home Loan Sheet for new test case is created successfully

]]></system-out>
    <system-err><![CDATA[Oct 30, 2020 12:52:03 PM org.openqa.selenium.remote.DesiredCapabilities chrome
INFO: Using `new ChromeOptions()` is preferred to `DesiredCapabilities.chrome()`
Oct 30, 2020 12:52:09 PM org.openqa.selenium.remote.ProtocolHandshake createSession
INFO: Detected dialect: W3C
Oct 30, 2020 12:52:10 PM org.openqa.selenium.remote.ProtocolHandshake createSession
INFO: Detected dialect: W3C
]]></system-err>
  </testcase>
  <testcase name="TestTwo[{Rate=9.5, Tenure=1.0, Principal=1500000.0}](1)" classname="testCases.TestCar" time="60.988">
    <system-out><![CDATA[First month Principal Amount for Car Loan:  1,19,650
First month Interest Amount for Car Loan:  11,875

Car Loan Sheet for new test case is created successfully


Home Loan Sheet for new test case is created successfully

]]></system-out>
    <system-err><![CDATA[Oct 30, 2020 12:53:07 PM org.openqa.selenium.remote.DesiredCapabilities firefox
INFO: Using `new FirefoxOptions()` is preferred to `DesiredCapabilities.firefox()`
Oct 30, 2020 12:53:08 PM org.openqa.selenium.remote.ProtocolHandshake createSession
INFO: Detected dialect: W3C
Oct 30, 2020 12:53:34 PM org.openqa.selenium.remote.ProtocolHandshake createSession
INFO: Detected dialect: W3C
]]></system-err>
  </testcase>
  <testcase name="TestTwo[{Rate=8.0, Tenure=4.0, Principal=400000.0}](2)" classname="testCases.TestCar" time="61.113">
    <system-out><![CDATA[First month Principal Amount for Car Loan:  7,099
First month Interest Amount for Car Loan:  2,667

Car Loan Sheet for new test case is created successfully


Home Loan Sheet for new test case is created successfully

]]></system-out>
    <system-err><![CDATA[Oct 30, 2020 12:54:14 PM org.openqa.selenium.remote.DesiredCapabilities firefox
INFO: Using `new FirefoxOptions()` is preferred to `DesiredCapabilities.firefox()`
Oct 30, 2020 12:54:34 PM org.openqa.selenium.remote.ProtocolHandshake createSession
INFO: Detected dialect: W3C
]]></system-err>
  </testcase>
  <testcase name="TestTwo[{Rate=12.5, Tenure=6.0, Principal=900000.0}](3)" classname="testCases.TestCar" time="54.506">
    <system-out><![CDATA[First month Principal Amount for Car Loan:  8,455
First month Interest Amount for Car Loan:  9,375

Car Loan Sheet for new test case is created successfully

]]></system-out>
    <system-err><![CDATA[Oct 30, 2020 12:55:21 PM org.openqa.selenium.remote.DesiredCapabilities firefox
INFO: Using `new FirefoxOptions()` is preferred to `DesiredCapabilities.firefox()`
Oct 30, 2020 12:55:44 PM org.openqa.selenium.remote.ProtocolHandshake createSession
INFO: Detected dialect: W3C
]]></system-err>
  </testcase>
  <testcase name="testOne[{Rate=9.5, Tenure=5.0, Principal=2500000.0}](1)" classname="testCases.TestHome" time="1.013"/>
  <testcase name="testOne[{Rate=12.0, Tenure=8.0, Principal=5000000.0}](2)" classname="testCases.TestHome" time="59.647">
    <system-out><![CDATA[
Home Loan Sheet for new test case is created successfully

First month Principal Amount for Car Loan:  12,550
First month Interest Amount for Car Loan:  4,375

Car Loan Sheet for new test case is created successfully

]]></system-out>
    <system-err><![CDATA[Oct 30, 2020 12:51:00 PM org.openqa.selenium.remote.DesiredCapabilities firefox
INFO: Using `new FirefoxOptions()` is preferred to `DesiredCapabilities.firefox()`
Oct 30, 2020 12:51:02 PM org.openqa.selenium.remote.DesiredCapabilities chrome
INFO: Using `new ChromeOptions()` is preferred to `DesiredCapabilities.chrome()`
Oct 30, 2020 12:51:07 PM org.openqa.selenium.remote.ProtocolHandshake createSession
INFO: Detected dialect: W3C
Oct 30, 2020 12:51:11 PM org.openqa.selenium.remote.ProtocolHandshake createSession
INFO: Detected dialect: W3C
]]></system-err>
  </testcase>
  <testcase name="testOne[{Rate=15.0, Tenure=12.0, Principal=7500000.0}](3)" classname="testCases.TestHome" time="4.275">
    <system-err><![CDATA[Oct 30, 2020 12:53:02 PM org.openqa.selenium.remote.DesiredCapabilities chrome
INFO: Using `new ChromeOptions()` is preferred to `DesiredCapabilities.chrome()`
]]></system-err>
  </testcase>
  <testcase name="testTwo[{Rate=9.5, Tenure=6.0, Principal=2000000.0}](1)" classname="testCases.TestHome" time="6.195">
    <system-err><![CDATA[Oct 30, 2020 12:54:08 PM org.openqa.selenium.remote.DesiredCapabilities chrome
INFO: Using `new ChromeOptions()` is preferred to `DesiredCapabilities.chrome()`
Oct 30, 2020 12:54:12 PM org.openqa.selenium.remote.ProtocolHandshake createSession
INFO: Detected dialect: W3C
]]></system-err>
  </testcase>
  <testcase name="testTwo[{Rate=15.0, Tenure=8.0, Principal=7000000.0}](2)" classname="testCases.TestHome" time="6.517">
    <system-err><![CDATA[Oct 30, 2020 12:55:15 PM org.openqa.selenium.remote.DesiredCapabilities chrome
INFO: Using `new ChromeOptions()` is preferred to `DesiredCapabilities.chrome()`
Oct 30, 2020 12:55:21 PM org.openqa.selenium.remote.ProtocolHandshake createSession
INFO: Detected dialect: W3C
]]></system-err>
  </testcase>
  <testcase name="testTwo[{Rate=12.5, Tenure=10.0, Principal=9500000.0}](3)" classname="testCases.TestHome" time="65.375">
    <system-out><![CDATA[
Home Loan Sheet for new test case is created successfully

]]></system-out>
  </testcase>
</testsuite>